        -:    0:Source:testes.cpp
        -:    0:Graph:testes.gcno
        -:    0:Data:testes.gcda
        -:    0:Runs:2
        -:    0:Programs:1
        -:    1:/*EOF*/
        -:    2:/*EOF*/
        -:    3:/*EOF*/
        -:    4:/*EOF*/
        -:    5:/*EOF*/
        -:    6:/*EOF*/
        -:    7:/*EOF*/
        -:    8:/*EOF*/
        -:    9:/*EOF*/
        -:   10:/*EOF*/
        -:   11:/*EOF*/
        4:   12:/*EOF*/
        -:   13:/*EOF*/
        2:   14:/*EOF*/
        2:   15:/*EOF*/
        -:   16:/*EOF*/
        -:   17:/*EOF*/
        1:   18:/*EOF*/
        1:   19:/*EOF*/
        -:   20:/*EOF*/
        -:   21:/*EOF*/
        -:   22:/*EOF*/
        1:   23:/*EOF*/
        1:   24:/*EOF*/
        -:   25:/*EOF*/
        -:   26:/*EOF*/
        -:   27:/*EOF*/
        1:   28:/*EOF*/
        -:   29:/*EOF*/
        -:   30:/*EOF*/
        4:   31:/*EOF*/
        -:   32:/*EOF*/
        -:   33:/*EOF*/
        -:   34:/*EOF*/
        -:   35:/*EOF*/
        2:   36:/*EOF*/
        2:   37:/*EOF*/
        2:   38:/*EOF*/
        -:   39:/*EOF*/
        2:   40:/*EOF*/
        2:   41:/*EOF*/
        2:   42:/*EOF*/
        -:   43:/*EOF*/
        2:   44:/*EOF*/
        2:   45:/*EOF*/
        2:   46:/*EOF*/
        -:   47:/*EOF*/
        2:   48:/*EOF*/
        2:   49:/*EOF*/
        2:   50:/*EOF*/
        -:   51:/*EOF*/
        2:   52:/*EOF*/
        2:   53:/*EOF*/
        2:   54:/*EOF*/
        -:   55:/*EOF*/
        2:   56:/*EOF*/
        2:   57:/*EOF*/
        2:   58:/*EOF*/
        -:   59:/*EOF*/
        2:   60:/*EOF*/
        2:   61:/*EOF*/
        2:   62:/*EOF*/
        -:   63:/*EOF*/
        2:   64:/*EOF*/
        2:   65:/*EOF*/
        2:   66:/*EOF*/
        -:   67:/*EOF*/
        2:   68:/*EOF*/
        -:   69:/*EOF*/
        4:   70:/*EOF*/
        -:   71:/*EOF*/
        -:   72:/*EOF*/
        -:   73:/*EOF*/
        -:   74:/*EOF*/
        2:   75:/*EOF*/
        2:   76:/*EOF*/
        2:   77:/*EOF*/
        -:   78:/*EOF*/
        2:   79:/*EOF*/
        2:   80:/*EOF*/
        2:   81:/*EOF*/
        -:   82:/*EOF*/
        2:   83:/*EOF*/
        2:   84:/*EOF*/
        2:   85:/*EOF*/
        -:   86:/*EOF*/
        2:   87:/*EOF*/
        2:   88:/*EOF*/
        2:   89:/*EOF*/
        -:   90:/*EOF*/
        8:   91:/*EOF*/
